{"C:\\Users\\pengu\\Desktop\\job-search\\src\\components\\ActionButton.vue": {"path":"C:\\Users\\pengu\\Desktop\\job-search\\src\\components\\ActionButton.vue","statementMap":{"0":{"start":{"line":8,"column":15},"end":{"line":8,"column":null}},"1":{"start":{"line":20,"column":16},"end":{"line":20,"column":23}},"2":{"start":{"line":26,"column":12},"end":{"line":26,"column":19}}},"fnMap":{"0":{"name":"(anonymous_0)","decl":{"start":{"line":19,"column":12},"end":{"line":19,"column":21}},"loc":{"start":{"line":19,"column":29},"end":{"line":21,"column":null}}},"1":{"name":"(anonymous_1)","decl":{"start":{"line":25,"column":8},"end":{"line":25,"column":19}},"loc":{"start":{"line":25,"column":22},"end":{"line":29,"column":null}}}},"branchMap":{},"s":{"0":2,"1":6,"2":6},"f":{"0":6,"1":6},"b":{}}
,"C:\\Users\\pengu\\Desktop\\job-search\\src\\components\\ProfileImage.vue": {"path":"C:\\Users\\pengu\\Desktop\\job-search\\src\\components\\ProfileImage.vue","statementMap":{"0":{"start":{"line":6,"column":15},"end":{"line":6,"column":null}},"1":{"start":{"line":9,"column":8},"end":{"line":9,"column":15}}},"fnMap":{"0":{"name":"(anonymous_0)","decl":{"start":{"line":8,"column":4},"end":{"line":8,"column":8}},"loc":{"start":{"line":8,"column":11},"end":{"line":13,"column":null}}}},"branchMap":{},"s":{"0":1,"1":1},"f":{"0":1},"b":{}}
,"C:\\Users\\pengu\\Desktop\\job-search\\src\\components\\SubNav.vue": {"path":"C:\\Users\\pengu\\Desktop\\job-search\\src\\components\\SubNav.vue","statementMap":{"0":{"start":{"line":15,"column":15},"end":{"line":15,"column":null}},"1":{"start":{"line":18,"column":4},"end":{"line":18,"column":11}}},"fnMap":{"0":{"name":"(anonymous_0)","decl":{"start":{"line":17,"column":2},"end":{"line":17,"column":6}},"loc":{"start":{"line":17,"column":9},"end":{"line":21,"column":null}}}},"branchMap":{},"s":{"0":2,"1":3},"f":{"0":3},"b":{}}
,"C:\\Users\\pengu\\Desktop\\job-search\\src\\utils\\nextEmementList.js": {"path":"C:\\Users\\pengu\\Desktop\\job-search\\src\\utils\\nextEmementList.js","statementMap":{"0":{"start":{"line":1,"column":26},"end":{"line":6,"column":1}},"1":{"start":{"line":2,"column":29},"end":{"line":2,"column":48}},"2":{"start":{"line":3,"column":25},"end":{"line":3,"column":63}},"3":{"start":{"line":4,"column":20},"end":{"line":4,"column":40}},"4":{"start":{"line":5,"column":2},"end":{"line":5,"column":19}}},"fnMap":{"0":{"name":"(anonymous_0)","decl":{"start":{"line":1,"column":26},"end":{"line":1,"column":27}},"loc":{"start":{"line":1,"column":43},"end":{"line":6,"column":1}},"line":1}},"branchMap":{},"s":{"0":2,"1":2,"2":2,"3":2,"4":2},"f":{"0":2},"b":{},"_coverageSchema":"1a1c01bbd47fc00a2c39e90264f33305004495a9","hash":"252661a5bde772bd80ed945314d234987d316c4f"}
}
